Using pre-set license
Built from '2020.3/release' branch; Version is '2020.3.1f1 (77a89f25062f) revision 7841951'; Using compiler version '192528614'; Build Type 'Release'
OS: 'Windows 10 Home; OS build 19043.1415; Version 2009; 64bit' Language: 'de' Physical Memory: 8058 MB
BatchMode: 1, IsHumanControllingUs: 0, StartBugReporterOnCrash: 0, Is64bit: 1, IsPro: 0

 COMMAND LINE ARGUMENTS:
C:\Program Files\Unity\Hub\Editor\2020.3.1f1\Editor\Unity.exe
-adb2
-batchMode
-noUpm
-name
AssetImportWorker2
-projectPath
C:/Users/lol/Documents/Studium/FH Joanneum - 3. Semester/3 ProjWork - Lev/Unity/Lukas Repo/Cake-Club/cake_club
-logFile
Logs/AssetImportWorker2.log
-srvPort
62900
Successfully changed project path to: C:/Users/lol/Documents/Studium/FH Joanneum - 3. Semester/3 ProjWork - Lev/Unity/Lukas Repo/Cake-Club/cake_club
C:/Users/lol/Documents/Studium/FH Joanneum - 3. Semester/3 ProjWork - Lev/Unity/Lukas Repo/Cake-Club/cake_club
Using Asset Import Pipeline V2.
Refreshing native plugins compatible for Editor in 69.96 ms, found 0 plugins.
Preloading 0 native plugins for Editor in 0.00 ms.
Initialize engine version: 2020.3.1f1 (77a89f25062f)
[Subsystems] Discovering subsystems at path C:/Program Files/Unity/Hub/Editor/2020.3.1f1/Editor/Data/Resources/UnitySubsystems
[Subsystems] Discovering subsystems at path C:/Users/lol/Documents/Studium/FH Joanneum - 3. Semester/3 ProjWork - Lev/Unity/Lukas Repo/Cake-Club/cake_club/Assets
GfxDevice: creating device client; threaded=0
Direct3D:
    Version:  Direct3D 11.0 [level 11.0]
    Renderer: NVIDIA GeForce 940MX (ID=0x134d)
    Vendor:   
    VRAM:     2010 MB
    Driver:   27.21.14.6140
Initialize mono
Mono path[0] = 'C:/Program Files/Unity/Hub/Editor/2020.3.1f1/Editor/Data/Managed'
Mono path[1] = 'C:/Program Files/Unity/Hub/Editor/2020.3.1f1/Editor/Data/MonoBleedingEdge/lib/mono/unityjit'
Mono config path = 'C:/Program Files/Unity/Hub/Editor/2020.3.1f1/Editor/Data/MonoBleedingEdge/etc'
Using monoOptions --debugger-agent=transport=dt_socket,embedding=1,server=y,suspend=n,address=127.0.0.1:56308
Begin MonoManager ReloadAssembly
Registering precompiled unity dll's ...
Register platform support module: C:/Program Files/Unity/Hub/Editor/2020.3.1f1/Editor/Data/PlaybackEngines/WindowsStandaloneSupport/UnityEditor.WindowsStandalone.Extensions.dll
Registered in 0.014169 seconds.
Native extension for WindowsStandalone target not found
Refreshing native plugins compatible for Editor in 36.70 ms, found 0 plugins.
Preloading 0 native plugins for Editor in 0.00 ms.
Invoked RoslynAnalysisRunner static constructor.
RoslynAnalysisRunner will not be running.
RoslynAnalysisRunner has terminated.
Mono: successfully reloaded assembly
- Completed reload, in  4.345 seconds
Platform modules already initialized, skipping
Registering precompiled user dll's ...
Registered in 0.005962 seconds.
Begin MonoManager ReloadAssembly
Native extension for WindowsStandalone target not found
Refreshing native plugins compatible for Editor in 0.36 ms, found 0 plugins.
Preloading 0 native plugins for Editor in 0.00 ms.
Invoked RoslynAnalysisRunner static constructor.
RoslynAnalysisRunner will not be running.
RoslynAnalysisRunner has terminated.
Mono: successfully reloaded assembly
- Completed reload, in  1.355 seconds
Platform modules already initialized, skipping
========================================================================
Worker process is ready to serve import requests
Launched and connected shader compiler UnityShaderCompiler.exe after 0.07 seconds
Refreshing native plugins compatible for Editor in 0.25 ms, found 0 plugins.
Preloading 0 native plugins for Editor in 0.00 ms.
Unloading 1121 Unused Serialized files (Serialized files now loaded: 0)
System memory in use before: 57.7 MB.
System memory in use after: 57.7 MB.

Unloading 10 unused Assets to reduce memory usage. Loaded Objects now: 1563.
Total: 2.381800 ms (FindLiveObjects: 0.185600 ms CreateObjectMapping: 0.056400 ms MarkObjects: 2.043700 ms  DeleteObjects: 0.094500 ms)

========================================================================
Received Import Request.
  path: Assets/#7_Lukas_Lin/Scripts/cake_controller.cs
  artifactKey: Guid(cacf9f1ba7df9324fb9c85712446fb4d) Importer(815301076,1909f56bfc062723c751e8b465ee728b)
Start importing Assets/#7_Lukas_Lin/Scripts/cake_controller.cs using Guid(cacf9f1ba7df9324fb9c85712446fb4d) Importer(815301076,1909f56bfc062723c751e8b465ee728b)  -> (artifact id: '45427e5bc8d8f22ce05bb53bfeca8f34') in 0.050796 seconds
  Import took 0.053241 seconds .

========================================================================
Received Import Request.
  Time since last request: 16.327177 seconds.
  path: Assets/#7_Lukas_Lin/Scripts/lastDecoration_controller.cs
  artifactKey: Guid(cacf9f1ba7df9324fb9c85712446fb4d) Importer(815301076,1909f56bfc062723c751e8b465ee728b)
Start importing Assets/#7_Lukas_Lin/Scripts/lastDecoration_controller.cs using Guid(cacf9f1ba7df9324fb9c85712446fb4d) Importer(815301076,1909f56bfc062723c751e8b465ee728b)  -> (artifact id: '65cb6e988ee332459a986801be38ac63') in 0.005427 seconds
  Import took 0.009445 seconds .

========================================================================
Received Prepare
Registering precompiled user dll's ...
Registered in 0.001530 seconds.
Begin MonoManager ReloadAssembly
Native extension for WindowsStandalone target not found
Refreshing native plugins compatible for Editor in 0.35 ms, found 0 plugins.
Preloading 0 native plugins for Editor in 0.00 ms.
Invoked RoslynAnalysisRunner static constructor.
RoslynAnalysisRunner will not be running.
RoslynAnalysisRunner has terminated.
Mono: successfully reloaded assembly
- Completed reload, in  6.345 seconds
Platform modules already initialized, skipping
Refreshing native plugins compatible for Editor in 0.39 ms, found 0 plugins.
Preloading 0 native plugins for Editor in 0.00 ms.
Unloading 1116 Unused Serialized files (Serialized files now loaded: 0)
System memory in use before: 57.6 MB.
System memory in use after: 57.7 MB.

Unloading 5 unused Assets to reduce memory usage. Loaded Objects now: 1566.
Total: 3.008700 ms (FindLiveObjects: 0.178100 ms CreateObjectMapping: 0.121600 ms MarkObjects: 2.610100 ms  DeleteObjects: 0.097000 ms)

========================================================================
Received Import Request.
  Time since last request: 36.744115 seconds.
  path: Assets/#7_Lukas_Lin/Scripts/lastDecoration_controller.cs
  artifactKey: Guid(cacf9f1ba7df9324fb9c85712446fb4d) Importer(815301076,1909f56bfc062723c751e8b465ee728b)
Start importing Assets/#7_Lukas_Lin/Scripts/lastDecoration_controller.cs using Guid(cacf9f1ba7df9324fb9c85712446fb4d) Importer(815301076,1909f56bfc062723c751e8b465ee728b)  -> (artifact id: '1e47f844319c7436b29fbaaba7aa0d6b') in 0.014461 seconds
  Import took 0.018379 seconds .

========================================================================
Received Import Request.
  Time since last request: 0.159369 seconds.
  path: Assets/#7_Lukas_Lin/Scripts/lastDecoration_controller.cs
  artifactKey: Guid(cacf9f1ba7df9324fb9c85712446fb4d) Importer(815301076,1909f56bfc062723c751e8b465ee728b)
Start importing Assets/#7_Lukas_Lin/Scripts/lastDecoration_controller.cs using Guid(cacf9f1ba7df9324fb9c85712446fb4d) Importer(815301076,1909f56bfc062723c751e8b465ee728b)  -> (artifact id: '1e47f844319c7436b29fbaaba7aa0d6b') in 0.033166 seconds
  Import took 0.078494 seconds .

========================================================================
Received Import Request.
  Time since last request: 8.169413 seconds.
  path: Assets/#7_Lukas_Lin/Scripts/lastDecoration_controller.cs
  artifactKey: Guid(cacf9f1ba7df9324fb9c85712446fb4d) Importer(815301076,1909f56bfc062723c751e8b465ee728b)
Start importing Assets/#7_Lukas_Lin/Scripts/lastDecoration_controller.cs using Guid(cacf9f1ba7df9324fb9c85712446fb4d) Importer(815301076,1909f56bfc062723c751e8b465ee728b)  -> (artifact id: '9aa2ac21ea03ebf9000a2c0ca1cd9884') in 0.048100 seconds
  Import took 0.067128 seconds .

========================================================================
Received Prepare
Registering precompiled user dll's ...
Registered in 0.001419 seconds.
Begin MonoManager ReloadAssembly
Native extension for WindowsStandalone target not found
Refreshing native plugins compatible for Editor in 4.03 ms, found 0 plugins.
Preloading 0 native plugins for Editor in 0.00 ms.
Invoked RoslynAnalysisRunner static constructor.
RoslynAnalysisRunner will not be running.
RoslynAnalysisRunner has terminated.
Mono: successfully reloaded assembly
- Completed reload, in  1.844 seconds
Platform modules already initialized, skipping
Refreshing native plugins compatible for Editor in 0.24 ms, found 0 plugins.
Preloading 0 native plugins for Editor in 0.00 ms.
Unloading 1116 Unused Serialized files (Serialized files now loaded: 0)
System memory in use before: 57.6 MB.
System memory in use after: 57.7 MB.

Unloading 5 unused Assets to reduce memory usage. Loaded Objects now: 1569.
Total: 3.407900 ms (FindLiveObjects: 0.236000 ms CreateObjectMapping: 0.071600 ms MarkObjects: 3.020000 ms  DeleteObjects: 0.076600 ms)

========================================================================
Received Prepare
Registering precompiled user dll's ...
Registered in 0.001788 seconds.
Begin MonoManager ReloadAssembly
Native extension for WindowsStandalone target not found
Refreshing native plugins compatible for Editor in 0.32 ms, found 0 plugins.
Preloading 0 native plugins for Editor in 0.00 ms.
Invoked RoslynAnalysisRunner static constructor.
RoslynAnalysisRunner will not be running.
RoslynAnalysisRunner has terminated.
Mono: successfully reloaded assembly
- Completed reload, in  1.268 seconds
Platform modules already initialized, skipping
Refreshing native plugins compatible for Editor in 0.23 ms, found 0 plugins.
Preloading 0 native plugins for Editor in 0.00 ms.
Unloading 1116 Unused Serialized files (Serialized files now loaded: 0)
System memory in use before: 57.7 MB.
System memory in use after: 57.7 MB.

Unloading 5 unused Assets to reduce memory usage. Loaded Objects now: 1572.
Total: 2.433700 ms (FindLiveObjects: 0.511900 ms CreateObjectMapping: 0.125300 ms MarkObjects: 1.738600 ms  DeleteObjects: 0.055900 ms)

========================================================================
Received Prepare
Registering precompiled user dll's ...
Registered in 0.001453 seconds.
Begin MonoManager ReloadAssembly
Native extension for WindowsStandalone target not found
Refreshing native plugins compatible for Editor in 1.16 ms, found 0 plugins.
Preloading 0 native plugins for Editor in 0.00 ms.
Invoked RoslynAnalysisRunner static constructor.
RoslynAnalysisRunner will not be running.
RoslynAnalysisRunner has terminated.
Mono: successfully reloaded assembly
- Completed reload, in  3.421 seconds
Platform modules already initialized, skipping
Refreshing native plugins compatible for Editor in 0.56 ms, found 0 plugins.
Preloading 0 native plugins for Editor in 0.00 ms.
Unloading 1116 Unused Serialized files (Serialized files now loaded: 0)
System memory in use before: 57.7 MB.
System memory in use after: 57.7 MB.

Unloading 5 unused Assets to reduce memory usage. Loaded Objects now: 1575.
Total: 2.923800 ms (FindLiveObjects: 0.276400 ms CreateObjectMapping: 0.088500 ms MarkObjects: 2.489000 ms  DeleteObjects: 0.068000 ms)

========================================================================
Received Prepare
Registering precompiled user dll's ...
Registered in 0.001067 seconds.
Begin MonoManager ReloadAssembly
Native extension for WindowsStandalone target not found
Refreshing native plugins compatible for Editor in 0.23 ms, found 0 plugins.
Preloading 0 native plugins for Editor in 0.00 ms.
Invoked RoslynAnalysisRunner static constructor.
RoslynAnalysisRunner will not be running.
RoslynAnalysisRunner has terminated.
Mono: successfully reloaded assembly
- Completed reload, in  1.286 seconds
Platform modules already initialized, skipping
Refreshing native plugins compatible for Editor in 0.24 ms, found 0 plugins.
Preloading 0 native plugins for Editor in 0.00 ms.
Unloading 1116 Unused Serialized files (Serialized files now loaded: 0)
System memory in use before: 57.7 MB.
System memory in use after: 57.8 MB.

Unloading 5 unused Assets to reduce memory usage. Loaded Objects now: 1578.
Total: 2.337700 ms (FindLiveObjects: 0.458100 ms CreateObjectMapping: 0.111900 ms MarkObjects: 1.705900 ms  DeleteObjects: 0.059800 ms)

========================================================================
Received Import Request.
  Time since last request: 49.752866 seconds.
  path: Assets/#7_Lukas_Lin/Scripts/cube_controller.cs
  artifactKey: Guid(db321020abee45c4887538afc039f5bc) Importer(815301076,1909f56bfc062723c751e8b465ee728b)
Start importing Assets/#7_Lukas_Lin/Scripts/cube_controller.cs using Guid(db321020abee45c4887538afc039f5bc) Importer(815301076,1909f56bfc062723c751e8b465ee728b)  -> (artifact id: 'c8a264c86dda8d00d2dc6dd7bc372450') in 0.006162 seconds
  Import took 0.009595 seconds .

========================================================================
Received Import Request.
  Time since last request: 0.000376 seconds.
  path: Assets/#7_Lukas_Lin/Scripts/cube_controller.cs
  artifactKey: Guid(db321020abee45c4887538afc039f5bc) Importer(815301076,1909f56bfc062723c751e8b465ee728b)
Start importing Assets/#7_Lukas_Lin/Scripts/cube_controller.cs using Guid(db321020abee45c4887538afc039f5bc) Importer(815301076,1909f56bfc062723c751e8b465ee728b)  -> (artifact id: 'c8a264c86dda8d00d2dc6dd7bc372450') in 0.003415 seconds
  Import took 0.006147 seconds .

========================================================================
Received Import Request.
  Time since last request: 0.041667 seconds.
  path: Assets/#7_Lukas_Lin/Scripts/cube_controller.cs
  artifactKey: Guid(db321020abee45c4887538afc039f5bc) Importer(815301076,1909f56bfc062723c751e8b465ee728b)
Start importing Assets/#7_Lukas_Lin/Scripts/cube_controller.cs using Guid(db321020abee45c4887538afc039f5bc) Importer(815301076,1909f56bfc062723c751e8b465ee728b)  -> (artifact id: 'c8a264c86dda8d00d2dc6dd7bc372450') in 0.003392 seconds
  Import took 0.006653 seconds .

========================================================================
Received Import Request.
  Time since last request: 1.478229 seconds.
  path: Assets/#7_Lukas_Lin/Scripts/lastDecoration_controller.cs
  artifactKey: Guid(cacf9f1ba7df9324fb9c85712446fb4d) Importer(815301076,1909f56bfc062723c751e8b465ee728b)
Start importing Assets/#7_Lukas_Lin/Scripts/lastDecoration_controller.cs using Guid(cacf9f1ba7df9324fb9c85712446fb4d) Importer(815301076,1909f56bfc062723c751e8b465ee728b)  -> (artifact id: 'ca78b74cdeaf538c13bf5c34fef4c865') in 0.003116 seconds
  Import took 0.006346 seconds .

========================================================================
Received Import Request.
  Time since last request: 0.000846 seconds.
  path: Assets/#7_Lukas_Lin/Scripts/lastDecoration_controller.cs
  artifactKey: Guid(cacf9f1ba7df9324fb9c85712446fb4d) Importer(815301076,1909f56bfc062723c751e8b465ee728b)
Start importing Assets/#7_Lukas_Lin/Scripts/lastDecoration_controller.cs using Guid(cacf9f1ba7df9324fb9c85712446fb4d) Importer(815301076,1909f56bfc062723c751e8b465ee728b)  -> (artifact id: 'ca78b74cdeaf538c13bf5c34fef4c865') in 0.003940 seconds
  Import took 0.007370 seconds .

========================================================================
Received Import Request.
  Time since last request: 6.135948 seconds.
  path: Assets/#7_Lukas_Lin/Scripts/fallingCake.cs
  artifactKey: Guid(cacf9f1ba7df9324fb9c85712446fb4d) Importer(815301076,1909f56bfc062723c751e8b465ee728b)
Start importing Assets/#7_Lukas_Lin/Scripts/fallingCake.cs using Guid(cacf9f1ba7df9324fb9c85712446fb4d) Importer(815301076,1909f56bfc062723c751e8b465ee728b)  -> (artifact id: '72e885d82d249501a6b69f7132af4e3b') in 0.007635 seconds
  Import took 0.012962 seconds .

========================================================================
Received Prepare
Registering precompiled user dll's ...
Registered in 0.001495 seconds.
Begin MonoManager ReloadAssembly
Native extension for WindowsStandalone target not found
Refreshing native plugins compatible for Editor in 0.27 ms, found 0 plugins.
Preloading 0 native plugins for Editor in 0.00 ms.
Invoked RoslynAnalysisRunner static constructor.
RoslynAnalysisRunner will not be running.
RoslynAnalysisRunner has terminated.
Mono: successfully reloaded assembly
- Completed reload, in  1.414 seconds
Platform modules already initialized, skipping
Refreshing native plugins compatible for Editor in 0.24 ms, found 0 plugins.
Preloading 0 native plugins for Editor in 0.00 ms.
Unloading 1116 Unused Serialized files (Serialized files now loaded: 0)
System memory in use before: 57.7 MB.
System memory in use after: 57.8 MB.

Unloading 5 unused Assets to reduce memory usage. Loaded Objects now: 1581.
Total: 2.204100 ms (FindLiveObjects: 0.170700 ms CreateObjectMapping: 0.056300 ms MarkObjects: 1.918400 ms  DeleteObjects: 0.056900 ms)

========================================================================
Received Prepare
Registering precompiled user dll's ...
Registered in 0.000882 seconds.
Begin MonoManager ReloadAssembly
Native extension for WindowsStandalone target not found
Refreshing native plugins compatible for Editor in 0.21 ms, found 0 plugins.
Preloading 0 native plugins for Editor in 0.00 ms.
Invoked RoslynAnalysisRunner static constructor.
RoslynAnalysisRunner will not be running.
RoslynAnalysisRunner has terminated.
Mono: successfully reloaded assembly
- Completed reload, in  0.909 seconds
Platform modules already initialized, skipping
Refreshing native plugins compatible for Editor in 0.27 ms, found 0 plugins.
Preloading 0 native plugins for Editor in 0.00 ms.
Unloading 1116 Unused Serialized files (Serialized files now loaded: 0)
System memory in use before: 57.7 MB.
System memory in use after: 57.8 MB.

Unloading 5 unused Assets to reduce memory usage. Loaded Objects now: 1584.
Total: 2.393100 ms (FindLiveObjects: 0.194300 ms CreateObjectMapping: 0.070200 ms MarkObjects: 2.064800 ms  DeleteObjects: 0.062000 ms)

========================================================================
Received Prepare
Registering precompiled user dll's ...
Registered in 0.001145 seconds.
Begin MonoManager ReloadAssembly
Native extension for WindowsStandalone target not found
Refreshing native plugins compatible for Editor in 0.42 ms, found 0 plugins.
Preloading 0 native plugins for Editor in 0.00 ms.
Invoked RoslynAnalysisRunner static constructor.
RoslynAnalysisRunner will not be running.
RoslynAnalysisRunner has terminated.
Mono: successfully reloaded assembly
- Completed reload, in  2.508 seconds
Platform modules already initialized, skipping
Refreshing native plugins compatible for Editor in 0.36 ms, found 0 plugins.
Preloading 0 native plugins for Editor in 0.00 ms.
Unloading 1116 Unused Serialized files (Serialized files now loaded: 0)
System memory in use before: 57.7 MB.
System memory in use after: 57.8 MB.

Unloading 5 unused Assets to reduce memory usage. Loaded Objects now: 1587.
Total: 3.597900 ms (FindLiveObjects: 0.266400 ms CreateObjectMapping: 0.066000 ms MarkObjects: 3.200800 ms  DeleteObjects: 0.062500 ms)

========================================================================
Received Import Request.
  Time since last request: 201.602291 seconds.
  path: Assets/#7_Lukas_Lin/Scripts/fallingCake.cs
  artifactKey: Guid(cacf9f1ba7df9324fb9c85712446fb4d) Importer(815301076,1909f56bfc062723c751e8b465ee728b)
Start importing Assets/#7_Lukas_Lin/Scripts/fallingCake.cs using Guid(cacf9f1ba7df9324fb9c85712446fb4d) Importer(815301076,1909f56bfc062723c751e8b465ee728b)  -> (artifact id: '4883ae7a6e0b70916804dad8916e31d8') in 0.005695 seconds
  Import took 0.008399 seconds .

========================================================================
Received Prepare
Registering precompiled user dll's ...
Registered in 0.001180 seconds.
Begin MonoManager ReloadAssembly
Native extension for WindowsStandalone target not found
Refreshing native plugins compatible for Editor in 0.24 ms, found 0 plugins.
Preloading 0 native plugins for Editor in 0.00 ms.
Invoked RoslynAnalysisRunner static constructor.
RoslynAnalysisRunner will not be running.
RoslynAnalysisRunner has terminated.
Mono: successfully reloaded assembly
- Completed reload, in  1.529 seconds
Platform modules already initialized, skipping
Refreshing native plugins compatible for Editor in 0.42 ms, found 0 plugins.
Preloading 0 native plugins for Editor in 0.00 ms.
Unloading 1116 Unused Serialized files (Serialized files now loaded: 0)
System memory in use before: 57.7 MB.
System memory in use after: 57.8 MB.

Unloading 5 unused Assets to reduce memory usage. Loaded Objects now: 1590.
Total: 2.327100 ms (FindLiveObjects: 0.238700 ms CreateObjectMapping: 0.055500 ms MarkObjects: 1.960700 ms  DeleteObjects: 0.070200 ms)

========================================================================
Received Import Request.
  Time since last request: 11.233956 seconds.
  path: Assets/#7_Lukas_Lin/Scripts/fallingCake.cs
  artifactKey: Guid(cacf9f1ba7df9324fb9c85712446fb4d) Importer(815301076,1909f56bfc062723c751e8b465ee728b)
Start importing Assets/#7_Lukas_Lin/Scripts/fallingCake.cs using Guid(cacf9f1ba7df9324fb9c85712446fb4d) Importer(815301076,1909f56bfc062723c751e8b465ee728b)  -> (artifact id: '0980cd4e6d1b570f460893a29a749725') in 3.049382 seconds
  Import took 6.344305 seconds .

========================================================================
Received Prepare
Registering precompiled user dll's ...
Registered in 0.003046 seconds.
Begin MonoManager ReloadAssembly
Native extension for WindowsStandalone target not found
Refreshing native plugins compatible for Editor in 0.82 ms, found 0 plugins.
Preloading 0 native plugins for Editor in 0.02 ms.
Invoked RoslynAnalysisRunner static constructor.
RoslynAnalysisRunner will not be running.
RoslynAnalysisRunner has terminated.
Mono: successfully reloaded assembly
- Completed reload, in  4.720 seconds
Platform modules already initialized, skipping
Refreshing native plugins compatible for Editor in 0.36 ms, found 0 plugins.
Preloading 0 native plugins for Editor in 0.00 ms.
Unloading 1116 Unused Serialized files (Serialized files now loaded: 0)
System memory in use before: 57.7 MB.
System memory in use after: 57.8 MB.

Unloading 5 unused Assets to reduce memory usage. Loaded Objects now: 1593.
Total: 8.062700 ms (FindLiveObjects: 2.138500 ms CreateObjectMapping: 0.109400 ms MarkObjects: 5.535400 ms  DeleteObjects: 0.058600 ms)

========================================================================
Received Import Request.
  Time since last request: 10.111351 seconds.
  path: Assets/#7_Lukas_Lin/Scripts/fallingCake.cs
  artifactKey: Guid(cacf9f1ba7df9324fb9c85712446fb4d) Importer(815301076,1909f56bfc062723c751e8b465ee728b)
Start importing Assets/#7_Lukas_Lin/Scripts/fallingCake.cs using Guid(cacf9f1ba7df9324fb9c85712446fb4d) Importer(815301076,1909f56bfc062723c751e8b465ee728b)  -> (artifact id: '0980cd4e6d1b570f460893a29a749725') in 0.014409 seconds
  Import took 0.021164 seconds .

========================================================================
Received Import Request.
  Time since last request: 0.000432 seconds.
  path: ProjectSettings/TagManager.asset
  artifactKey: Guid(00000000000000003000000000000000) Importer(815301076,1909f56bfc062723c751e8b465ee728b)
Start importing ProjectSettings/TagManager.asset using Guid(00000000000000003000000000000000) Importer(815301076,1909f56bfc062723c751e8b465ee728b)  -> (artifact id: '4e1ade904f8483502412a943970edefa') in 0.115397 seconds
  Import took 0.125451 seconds .

========================================================================
Received Prepare
Registering precompiled user dll's ...
Registered in 0.006553 seconds.
Begin MonoManager ReloadAssembly
Native extension for WindowsStandalone target not found
Refreshing native plugins compatible for Editor in 0.34 ms, found 0 plugins.
Preloading 0 native plugins for Editor in 0.00 ms.
Invoked RoslynAnalysisRunner static constructor.
RoslynAnalysisRunner will not be running.
RoslynAnalysisRunner has terminated.
Mono: successfully reloaded assembly
- Completed reload, in  2.050 seconds
Platform modules already initialized, skipping
Refreshing native plugins compatible for Editor in 0.44 ms, found 0 plugins.
Preloading 0 native plugins for Editor in 0.00 ms.
Unloading 1116 Unused Serialized files (Serialized files now loaded: 0)
System memory in use before: 57.7 MB.
System memory in use after: 57.8 MB.

Unloading 6 unused Assets to reduce memory usage. Loaded Objects now: 1596.
Total: 2.952600 ms (FindLiveObjects: 0.443000 ms CreateObjectMapping: 0.085600 ms MarkObjects: 2.349000 ms  DeleteObjects: 0.073000 ms)

========================================================================
Received Prepare
Registering precompiled user dll's ...
Registered in 0.005889 seconds.
Begin MonoManager ReloadAssembly
Native extension for WindowsStandalone target not found
Refreshing native plugins compatible for Editor in 0.50 ms, found 0 plugins.
Preloading 0 native plugins for Editor in 0.00 ms.
Invoked RoslynAnalysisRunner static constructor.
RoslynAnalysisRunner will not be running.
RoslynAnalysisRunner has terminated.
Mono: successfully reloaded assembly
- Completed reload, in  2.518 seconds
Platform modules already initialized, skipping
Refreshing native plugins compatible for Editor in 0.42 ms, found 0 plugins.
Preloading 0 native plugins for Editor in 0.00 ms.
Unloading 1116 Unused Serialized files (Serialized files now loaded: 0)
System memory in use before: 57.7 MB.
System memory in use after: 57.8 MB.

Unloading 5 unused Assets to reduce memory usage. Loaded Objects now: 1599.
Total: 3.968100 ms (FindLiveObjects: 0.358600 ms CreateObjectMapping: 0.097800 ms MarkObjects: 3.426200 ms  DeleteObjects: 0.082600 ms)

========================================================================
Received Prepare
Registering precompiled user dll's ...
Registered in 0.001102 seconds.
Begin MonoManager ReloadAssembly
Native extension for WindowsStandalone target not found
Refreshing native plugins compatible for Editor in 0.37 ms, found 0 plugins.
Preloading 0 native plugins for Editor in 0.00 ms.
Invoked RoslynAnalysisRunner static constructor.
RoslynAnalysisRunner will not be running.
RoslynAnalysisRunner has terminated.
Mono: successfully reloaded assembly
- Completed reload, in  2.014 seconds
Platform modules already initialized, skipping
Refreshing native plugins compatible for Editor in 0.28 ms, found 0 plugins.
Preloading 0 native plugins for Editor in 0.00 ms.
Unloading 1116 Unused Serialized files (Serialized files now loaded: 0)
System memory in use before: 57.7 MB.
System memory in use after: 57.8 MB.

Unloading 5 unused Assets to reduce memory usage. Loaded Objects now: 1602.
Total: 3.213400 ms (FindLiveObjects: 0.267900 ms CreateObjectMapping: 0.056900 ms MarkObjects: 2.378900 ms  DeleteObjects: 0.508300 ms)

========================================================================
Received Prepare
Registering precompiled user dll's ...
Registered in 0.001021 seconds.
Begin MonoManager ReloadAssembly
Native extension for WindowsStandalone target not found
Refreshing native plugins compatible for Editor in 0.25 ms, found 0 plugins.
Preloading 0 native plugins for Editor in 0.00 ms.
Invoked RoslynAnalysisRunner static constructor.
RoslynAnalysisRunner will not be running.
RoslynAnalysisRunner has terminated.
Mono: successfully reloaded assembly
- Completed reload, in  1.311 seconds
Platform modules already initialized, skipping
Refreshing native plugins compatible for Editor in 0.23 ms, found 0 plugins.
Preloading 0 native plugins for Editor in 0.00 ms.
Unloading 1116 Unused Serialized files (Serialized files now loaded: 0)
System memory in use before: 57.7 MB.
System memory in use after: 57.8 MB.

Unloading 5 unused Assets to reduce memory usage. Loaded Objects now: 1605.
Total: 2.596200 ms (FindLiveObjects: 0.512900 ms CreateObjectMapping: 0.136900 ms MarkObjects: 1.885000 ms  DeleteObjects: 0.058900 ms)

========================================================================
Received Prepare
Registering precompiled user dll's ...
Registered in 0.001809 seconds.
Begin MonoManager ReloadAssembly
Native extension for WindowsStandalone target not found
Refreshing native plugins compatible for Editor in 0.24 ms, found 0 plugins.
Preloading 0 native plugins for Editor in 0.00 ms.
Invoked RoslynAnalysisRunner static constructor.
RoslynAnalysisRunner will not be running.
RoslynAnalysisRunner has terminated.
Mono: successfully reloaded assembly
- Completed reload, in  1.616 seconds
Platform modules already initialized, skipping
Refreshing native plugins compatible for Editor in 0.24 ms, found 0 plugins.
Preloading 0 native plugins for Editor in 0.00 ms.
Unloading 1116 Unused Serialized files (Serialized files now loaded: 0)
System memory in use before: 57.7 MB.
System memory in use after: 57.8 MB.

Unloading 5 unused Assets to reduce memory usage. Loaded Objects now: 1608.
Total: 2.194100 ms (FindLiveObjects: 0.269100 ms CreateObjectMapping: 0.064500 ms MarkObjects: 1.793000 ms  DeleteObjects: 0.065600 ms)

========================================================================
Received Prepare
Registering precompiled user dll's ...
Registered in 0.001063 seconds.
Begin MonoManager ReloadAssembly
Native extension for WindowsStandalone target not found
Refreshing native plugins compatible for Editor in 0.24 ms, found 0 plugins.
Preloading 0 native plugins for Editor in 0.00 ms.
Invoked RoslynAnalysisRunner static constructor.
RoslynAnalysisRunner will not be running.
RoslynAnalysisRunner has terminated.
Mono: successfully reloaded assembly
- Completed reload, in  1.257 seconds
Platform modules already initialized, skipping
Refreshing native plugins compatible for Editor in 0.29 ms, found 0 plugins.
Preloading 0 native plugins for Editor in 0.00 ms.
Unloading 1116 Unused Serialized files (Serialized files now loaded: 0)
System memory in use before: 57.7 MB.
System memory in use after: 57.8 MB.

Unloading 5 unused Assets to reduce memory usage. Loaded Objects now: 1611.
Total: 2.122400 ms (FindLiveObjects: 0.173300 ms CreateObjectMapping: 0.058200 ms MarkObjects: 1.831200 ms  DeleteObjects: 0.057800 ms)

========================================================================
Received Prepare
Registering precompiled user dll's ...
Registered in 0.019870 seconds.
Begin MonoManager ReloadAssembly
Native extension for WindowsStandalone target not found
Refreshing native plugins compatible for Editor in 0.38 ms, found 0 plugins.
Preloading 0 native plugins for Editor in 0.00 ms.
Invoked RoslynAnalysisRunner static constructor.
RoslynAnalysisRunner will not be running.
RoslynAnalysisRunner has terminated.
Mono: successfully reloaded assembly
- Completed reload, in  1.679 seconds
Platform modules already initialized, skipping
Refreshing native plugins compatible for Editor in 0.36 ms, found 0 plugins.
Preloading 0 native plugins for Editor in 0.00 ms.
Unloading 1116 Unused Serialized files (Serialized files now loaded: 0)
System memory in use before: 57.8 MB.
System memory in use after: 57.9 MB.

Unloading 5 unused Assets to reduce memory usage. Loaded Objects now: 1614.
Total: 2.554200 ms (FindLiveObjects: 0.297200 ms CreateObjectMapping: 0.088600 ms MarkObjects: 2.100400 ms  DeleteObjects: 0.066400 ms)

========================================================================
Received Prepare
Registering precompiled user dll's ...
Registered in 0.026757 seconds.
Begin MonoManager ReloadAssembly
Native extension for WindowsStandalone target not found
Refreshing native plugins compatible for Editor in 0.41 ms, found 0 plugins.
Preloading 0 native plugins for Editor in 0.00 ms.
Invoked RoslynAnalysisRunner static constructor.
RoslynAnalysisRunner will not be running.
RoslynAnalysisRunner has terminated.
Mono: successfully reloaded assembly
- Completed reload, in  2.379 seconds
Platform modules already initialized, skipping
Refreshing native plugins compatible for Editor in 0.38 ms, found 0 plugins.
Preloading 0 native plugins for Editor in 0.00 ms.
Unloading 1116 Unused Serialized files (Serialized files now loaded: 0)
System memory in use before: 57.8 MB.
System memory in use after: 57.9 MB.

Unloading 5 unused Assets to reduce memory usage. Loaded Objects now: 1617.
Total: 12.926600 ms (FindLiveObjects: 1.634500 ms CreateObjectMapping: 0.137400 ms MarkObjects: 10.998800 ms  DeleteObjects: 0.130800 ms)

========================================================================
Received Prepare
Registering precompiled user dll's ...
Registered in 0.001881 seconds.
Begin MonoManager ReloadAssembly
Native extension for WindowsStandalone target not found
Refreshing native plugins compatible for Editor in 0.29 ms, found 0 plugins.
Preloading 0 native plugins for Editor in 0.00 ms.
Invoked RoslynAnalysisRunner static constructor.
RoslynAnalysisRunner will not be running.
RoslynAnalysisRunner has terminated.
Mono: successfully reloaded assembly
- Completed reload, in  2.082 seconds
Platform modules already initialized, skipping
Refreshing native plugins compatible for Editor in 0.36 ms, found 0 plugins.
Preloading 0 native plugins for Editor in 0.00 ms.
Unloading 1116 Unused Serialized files (Serialized files now loaded: 0)
System memory in use before: 57.8 MB.
System memory in use after: 57.9 MB.

Unloading 5 unused Assets to reduce memory usage. Loaded Objects now: 1620.
Total: 5.044700 ms (FindLiveObjects: 0.316900 ms CreateObjectMapping: 0.432200 ms MarkObjects: 4.205400 ms  DeleteObjects: 0.087600 ms)

========================================================================
Received Prepare
Registering precompiled user dll's ...
Registered in 0.009525 seconds.
Begin MonoManager ReloadAssembly
Native extension for WindowsStandalone target not found
Refreshing native plugins compatible for Editor in 0.50 ms, found 0 plugins.
Preloading 0 native plugins for Editor in 0.00 ms.
Invoked RoslynAnalysisRunner static constructor.
RoslynAnalysisRunner will not be running.
RoslynAnalysisRunner has terminated.
Mono: successfully reloaded assembly
- Completed reload, in  2.032 seconds
Platform modules already initialized, skipping
Refreshing native plugins compatible for Editor in 0.23 ms, found 0 plugins.
Preloading 0 native plugins for Editor in 0.00 ms.
Unloading 1116 Unused Serialized files (Serialized files now loaded: 0)
System memory in use before: 57.8 MB.
System memory in use after: 57.9 MB.

Unloading 5 unused Assets to reduce memory usage. Loaded Objects now: 1623.
Total: 3.123300 ms (FindLiveObjects: 0.263200 ms CreateObjectMapping: 0.093900 ms MarkObjects: 2.703100 ms  DeleteObjects: 0.060600 ms)

========================================================================
Received Prepare
Registering precompiled user dll's ...
Registered in 0.001477 seconds.
Begin MonoManager ReloadAssembly
Native extension for WindowsStandalone target not found
Refreshing native plugins compatible for Editor in 0.40 ms, found 0 plugins.
Preloading 0 native plugins for Editor in 0.00 ms.
Invoked RoslynAnalysisRunner static constructor.
RoslynAnalysisRunner will not be running.
RoslynAnalysisRunner has terminated.
Mono: successfully reloaded assembly
- Completed reload, in  1.844 seconds
Platform modules already initialized, skipping
Refreshing native plugins compatible for Editor in 0.25 ms, found 0 plugins.
Preloading 0 native plugins for Editor in 0.00 ms.
Unloading 1116 Unused Serialized files (Serialized files now loaded: 0)
System memory in use before: 57.8 MB.
System memory in use after: 57.9 MB.

Unloading 5 unused Assets to reduce memory usage. Loaded Objects now: 1626.
Total: 4.844200 ms (FindLiveObjects: 0.345900 ms CreateObjectMapping: 0.676400 ms MarkObjects: 3.717900 ms  DeleteObjects: 0.101300 ms)

========================================================================
Received Import Request.
  Time since last request: 2742.671289 seconds.
  path: Assets/#7_Lukas_Lin/Materials/New Physic Material.physicMaterial
  artifactKey: Guid(949afa6384773a9439841b3a95f72312) Importer(815301076,1909f56bfc062723c751e8b465ee728b)
Start importing Assets/#7_Lukas_Lin/Materials/New Physic Material.physicMaterial using Guid(949afa6384773a9439841b3a95f72312) Importer(815301076,1909f56bfc062723c751e8b465ee728b)  -> (artifact id: '9837cf1f3b5f8d365ef2d7daf2d9037d') in 0.102374 seconds
  Import took 0.106523 seconds .

========================================================================
Received Prepare
Registering precompiled user dll's ...
Registered in 0.001549 seconds.
Begin MonoManager ReloadAssembly
Native extension for WindowsStandalone target not found
Refreshing native plugins compatible for Editor in 0.34 ms, found 0 plugins.
Preloading 0 native plugins for Editor in 0.00 ms.
Invoked RoslynAnalysisRunner static constructor.
RoslynAnalysisRunner will not be running.
RoslynAnalysisRunner has terminated.
Mono: successfully reloaded assembly
- Completed reload, in  1.601 seconds
Platform modules already initialized, skipping
Refreshing native plugins compatible for Editor in 0.37 ms, found 0 plugins.
Preloading 0 native plugins for Editor in 0.00 ms.
Unloading 1116 Unused Serialized files (Serialized files now loaded: 0)
System memory in use before: 57.8 MB.
System memory in use after: 57.9 MB.

Unloading 5 unused Assets to reduce memory usage. Loaded Objects now: 1629.
Total: 2.559500 ms (FindLiveObjects: 0.364700 ms CreateObjectMapping: 0.049900 ms MarkObjects: 2.075300 ms  DeleteObjects: 0.066000 ms)

========================================================================
Received Import Request.
  Time since last request: 384.350493 seconds.
  path: Assets/#7_Lukas_Lin/Materials/unbouncy.physicMaterial
  artifactKey: Guid(949afa6384773a9439841b3a95f72312) Importer(815301076,1909f56bfc062723c751e8b465ee728b)
Start importing Assets/#7_Lukas_Lin/Materials/unbouncy.physicMaterial using Guid(949afa6384773a9439841b3a95f72312) Importer(815301076,1909f56bfc062723c751e8b465ee728b)  -> (artifact id: '61c6c7ea888cd44e3e945994405b09b4') in 0.016371 seconds
  Import took 0.018419 seconds .

========================================================================
Received Import Request.
  Time since last request: 0.012012 seconds.
  path: Assets/#7_Lukas_Lin/Materials/unbouncy.physicMaterial
  artifactKey: Guid(949afa6384773a9439841b3a95f72312) Importer(815301076,1909f56bfc062723c751e8b465ee728b)
Start importing Assets/#7_Lukas_Lin/Materials/unbouncy.physicMaterial using Guid(949afa6384773a9439841b3a95f72312) Importer(815301076,1909f56bfc062723c751e8b465ee728b)  -> (artifact id: '61c6c7ea888cd44e3e945994405b09b4') in 0.003089 seconds
  Import took 0.005470 seconds .

========================================================================
Received Import Request.
  Time since last request: 3.126758 seconds.
  path: Assets/#7_Lukas_Lin/Materials/unbouncy.physicMaterial
  artifactKey: Guid(949afa6384773a9439841b3a95f72312) Importer(815301076,1909f56bfc062723c751e8b465ee728b)
Start importing Assets/#7_Lukas_Lin/Materials/unbouncy.physicMaterial using Guid(949afa6384773a9439841b3a95f72312) Importer(815301076,1909f56bfc062723c751e8b465ee728b)  -> (artifact id: '400df9f14afa5cb05b3ecfa6e9fab753') in 0.005224 seconds
  Import took 0.008286 seconds .

========================================================================
Received Import Request.
  Time since last request: 0.017304 seconds.
  path: Assets/#7_Lukas_Lin/Materials/unbouncy.physicMaterial
  artifactKey: Guid(949afa6384773a9439841b3a95f72312) Importer(815301076,1909f56bfc062723c751e8b465ee728b)
Start importing Assets/#7_Lukas_Lin/Materials/unbouncy.physicMaterial using Guid(949afa6384773a9439841b3a95f72312) Importer(815301076,1909f56bfc062723c751e8b465ee728b)  -> (artifact id: '400df9f14afa5cb05b3ecfa6e9fab753') in 0.003342 seconds
  Import took 0.005859 seconds .

========================================================================
Received Prepare
Registering precompiled user dll's ...
Registered in 0.001516 seconds.
Begin MonoManager ReloadAssembly
Native extension for WindowsStandalone target not found
Refreshing native plugins compatible for Editor in 0.24 ms, found 0 plugins.
Preloading 0 native plugins for Editor in 0.00 ms.
Invoked RoslynAnalysisRunner static constructor.
RoslynAnalysisRunner will not be running.
RoslynAnalysisRunner has terminated.
Mono: successfully reloaded assembly
- Completed reload, in  2.178 seconds
Platform modules already initialized, skipping
Refreshing native plugins compatible for Editor in 0.41 ms, found 0 plugins.
Preloading 0 native plugins for Editor in 0.00 ms.
Unloading 1116 Unused Serialized files (Serialized files now loaded: 0)
System memory in use before: 57.8 MB.
System memory in use after: 57.9 MB.

Unloading 5 unused Assets to reduce memory usage. Loaded Objects now: 1632.
Total: 3.110800 ms (FindLiveObjects: 0.162200 ms CreateObjectMapping: 0.047300 ms MarkObjects: 2.803400 ms  DeleteObjects: 0.095200 ms)

AssetImportWorkerClient::OnTransportError - code=2 error=End of file
